<?xml version="1.0" encoding="UTF-8"?>
<testng-results skipped="0" failed="0" ignored="0" total="1" passed="1">
  <reporter-output>
  </reporter-output>
  <suite name="Default suite" duration-ms="1334" started-at="2020-07-27T14:29:25 IST" finished-at="2020-07-27T14:29:26 IST">
    <groups>
    </groups>
    <test name="Default test" duration-ms="1334" started-at="2020-07-27T14:29:25 IST" finished-at="2020-07-27T14:29:26 IST">
      <class name="testclasses.LoginTest">
        <test-method status="PASS" signature="setup()[pri:0, instance:testclasses.LoginTest@275710fc]" name="setup" is-config="true" duration-ms="19463" started-at="2020-07-27T14:29:06 IST" finished-at="2020-07-27T14:29:25 IST">
          <reporter-output>
          </reporter-output>
        </test-method> <!-- setup -->
        <test-method status="PASS" signature="login(java.lang.String)[pri:0, instance:testclasses.LoginTest@275710fc]" name="login" duration-ms="1309" started-at="2020-07-27T14:29:25 IST" data-provider="enumeratordetails" finished-at="2020-07-27T14:29:26 IST">
          <params>
            <param index="0">
              <value>
                <![CDATA[3247553]]>
              </value>
            </param>
          </params>
          <reporter-output>
          </reporter-output>
        </test-method> <!-- login -->
      </class> <!-- testclasses.LoginTest -->
    </test> <!-- Default test -->
  </suite> <!-- Default suite -->
</testng-results>
